<?xml version="1.0" encoding="UTF-8"?>
<!-- Generated by org.testng.reporters.JUnitXMLReporter -->
<testsuite ignored="0" hostname="MSI" failures="0" tests="6" name="OpencartTest" time="72.821" errors="0" timestamp="2023-06-18T21:56:08 IST">
  <testcase classname="testCases.TC_003_LoginDDT" name="test_loginDDT" time="1.359"/>
  <testcase classname="testCases.TC_003_LoginDDT" name="test_loginDDT" time="15.778"/>
  <testcase classname="testCases.TC_003_LoginDDT" name="test_loginDDT" time="16.258"/>
  <testcase classname="testCases.TC_003_LoginDDT" name="test_loginDDT" time="15.876"/>
  <testcase classname="testCases.TC_003_LoginDDT" name="test_loginDDT" time="1.352"/>
  <testcase classname="testCases.TC_003_LoginDDT" name="test_loginDDT" time="15.723"/>
</testsuite> <!-- OpencartTest -->
