<?xml version="1.0" encoding="UTF-8"?>
<testng-results ignored="0" total="6" passed="6" failed="0" skipped="0">
  <reporter-output>
  </reporter-output>
  <suite started-at="2023-06-18T21:54:55 IST" name="OpencartSuite" finished-at="2023-06-18T21:56:08 IST" duration-ms="72821">
    <groups>
    </groups>
    <test started-at="2023-06-18T21:54:55 IST" name="OpencartTest" finished-at="2023-06-18T21:56:08 IST" duration-ms="72821">
      <class name="testCases.TC_003_LoginDDT">
        <test-method is-config="true" signature="setup(java.lang.String)[pri:0, instance:testCases.TC_003_LoginDDT@1de76cc7]" started-at="2023-06-18T21:54:56 IST" name="setup" finished-at="2023-06-18T21:55:00 IST" duration-ms="4572" status="PASS">
          <params>
            <param index="0">
              <value>
                <![CDATA[chrome]]>
              </value>
            </param>
          </params>
          <reporter-output>
          </reporter-output>
        </test-method> <!-- setup -->
        <test-method signature="test_loginDDT(java.lang.String,java.lang.String,java.lang.String)[pri:0, instance:testCases.TC_003_LoginDDT@1de76cc7]" started-at="2023-06-18T21:55:02 IST" name="test_loginDDT" data-provider="LoginData" finished-at="2023-06-18T21:55:03 IST" duration-ms="1359" status="PASS">
          <params>
            <param index="0">
              <value>
                <![CDATA[naveens@gmail.com]]>
              </value>
            </param>
            <param index="1">
              <value>
                <![CDATA[naveens]]>
              </value>
            </param>
            <param index="2">
              <value>
                <![CDATA[Valid]]>
              </value>
            </param>
          </params>
          <reporter-output>
          </reporter-output>
        </test-method> <!-- test_loginDDT -->
        <test-method signature="test_loginDDT(java.lang.String,java.lang.String,java.lang.String)[pri:0, instance:testCases.TC_003_LoginDDT@1de76cc7]" started-at="2023-06-18T21:55:03 IST" name="test_loginDDT" data-provider="LoginData" finished-at="2023-06-18T21:55:19 IST" duration-ms="15778" status="PASS">
          <params>
            <param index="0">
              <value>
                <![CDATA[lakshmi@yahoo.com]]>
              </value>
            </param>
            <param index="1">
              <value>
                <![CDATA[Laxmi]]>
              </value>
            </param>
            <param index="2">
              <value>
                <![CDATA[Invalid]]>
              </value>
            </param>
          </params>
          <reporter-output>
          </reporter-output>
        </test-method> <!-- test_loginDDT -->
        <test-method signature="test_loginDDT(java.lang.String,java.lang.String,java.lang.String)[pri:0, instance:testCases.TC_003_LoginDDT@1de76cc7]" started-at="2023-06-18T21:55:19 IST" name="test_loginDDT" data-provider="LoginData" finished-at="2023-06-18T21:55:35 IST" duration-ms="16258" status="PASS">
          <params>
            <param index="0">
              <value>
                <![CDATA[laksh@yahoo.com]]>
              </value>
            </param>
            <param index="1">
              <value>
                <![CDATA[Lakshmi]]>
              </value>
            </param>
            <param index="2">
              <value>
                <![CDATA[Invalid]]>
              </value>
            </param>
          </params>
          <reporter-output>
          </reporter-output>
        </test-method> <!-- test_loginDDT -->
        <test-method signature="test_loginDDT(java.lang.String,java.lang.String,java.lang.String)[pri:0, instance:testCases.TC_003_LoginDDT@1de76cc7]" started-at="2023-06-18T21:55:35 IST" name="test_loginDDT" data-provider="LoginData" finished-at="2023-06-18T21:55:51 IST" duration-ms="15876" status="PASS">
          <params>
            <param index="0">
              <value>
                <![CDATA[laks@yahoo.com]]>
              </value>
            </param>
            <param index="1">
              <value>
                <![CDATA[xyz]]>
              </value>
            </param>
            <param index="2">
              <value>
                <![CDATA[Invalid]]>
              </value>
            </param>
          </params>
          <reporter-output>
          </reporter-output>
        </test-method> <!-- test_loginDDT -->
        <test-method signature="test_loginDDT(java.lang.String,java.lang.String,java.lang.String)[pri:0, instance:testCases.TC_003_LoginDDT@1de76cc7]" started-at="2023-06-18T21:55:51 IST" name="test_loginDDT" data-provider="LoginData" finished-at="2023-06-18T21:55:52 IST" duration-ms="1352" status="PASS">
          <params>
            <param index="0">
              <value>
                <![CDATA[abc123@gmail.com]]>
              </value>
            </param>
            <param index="1">
              <value>
                <![CDATA[test@123]]>
              </value>
            </param>
            <param index="2">
              <value>
                <![CDATA[Valid]]>
              </value>
            </param>
          </params>
          <reporter-output>
          </reporter-output>
        </test-method> <!-- test_loginDDT -->
        <test-method signature="test_loginDDT(java.lang.String,java.lang.String,java.lang.String)[pri:0, instance:testCases.TC_003_LoginDDT@1de76cc7]" started-at="2023-06-18T21:55:52 IST" name="test_loginDDT" data-provider="LoginData" finished-at="2023-06-18T21:56:08 IST" duration-ms="15723" status="PASS">
          <params>
            <param index="0">
              <value>
                <![CDATA[naveens@gmail.com]]>
              </value>
            </param>
            <param index="1">
              <value>
                <![CDATA[naveen]]>
              </value>
            </param>
            <param index="2">
              <value>
                <![CDATA[Invalid]]>
              </value>
            </param>
          </params>
          <reporter-output>
          </reporter-output>
        </test-method> <!-- test_loginDDT -->
        <test-method is-config="true" signature="tearDown()[pri:0, instance:testCases.TC_003_LoginDDT@1de76cc7]" started-at="2023-06-18T21:56:08 IST" name="tearDown" finished-at="2023-06-18T21:56:08 IST" duration-ms="303" status="PASS">
          <reporter-output>
          </reporter-output>
        </test-method> <!-- tearDown -->
      </class> <!-- testCases.TC_003_LoginDDT -->
    </test> <!-- OpencartTest -->
  </suite> <!-- OpencartSuite -->
</testng-results>
