<?xml version="1.0" encoding="UTF-8"?>
<testng-results ignored="0" total="1" passed="1" failed="0" skipped="0">
  <reporter-output>
  </reporter-output>
  <suite started-at="2023-06-15T13:07:35 IST" name="OpencartSuite" finished-at="2023-06-15T13:07:42 IST" duration-ms="6736">
    <groups>
    </groups>
    <test started-at="2023-06-15T13:07:35 IST" name="OpencartTest" finished-at="2023-06-15T13:07:42 IST" duration-ms="6736">
      <class name="testCases.TC_001_AccountRegistrationTest">
        <test-method is-config="true" signature="setup(java.lang.String)[pri:0, instance:testCases.TC_001_AccountRegistrationTest@54bff557]" started-at="2023-06-15T13:07:35 IST" name="setup" finished-at="2023-06-15T13:07:40 IST" duration-ms="4497" status="PASS">
          <params>
            <param index="0">
              <value>
                <![CDATA[chrome]]>
              </value>
            </param>
          </params>
          <reporter-output>
          </reporter-output>
        </test-method> <!-- setup -->
        <test-method signature="test_account_Registration()[pri:0, instance:testCases.TC_001_AccountRegistrationTest@54bff557]" started-at="2023-06-15T13:07:40 IST" name="test_account_Registration" finished-at="2023-06-15T13:07:41 IST" duration-ms="1747" status="PASS">
          <reporter-output>
          </reporter-output>
        </test-method> <!-- test_account_Registration -->
        <test-method is-config="true" signature="tearDown()[pri:0, instance:testCases.TC_001_AccountRegistrationTest@54bff557]" started-at="2023-06-15T13:07:41 IST" name="tearDown" finished-at="2023-06-15T13:07:42 IST" duration-ms="180" status="PASS">
          <reporter-output>
          </reporter-output>
        </test-method> <!-- tearDown -->
      </class> <!-- testCases.TC_001_AccountRegistrationTest -->
    </test> <!-- OpencartTest -->
  </suite> <!-- OpencartSuite -->
</testng-results>
