<?xml version="1.0" encoding="UTF-8"?>
<!-- Generated by org.testng.reporters.JUnitXMLReporter -->
<testsuite ignored="0" hostname="MSI" failures="0" tests="6" name="OpencartTest" time="73.151" errors="0" timestamp="2023-06-18T21:52:38 IST">
  <testcase classname="testCases.TC_003_LoginDDT" name="test_loginDDT" time="1.35"/>
  <testcase classname="testCases.TC_003_LoginDDT" name="test_loginDDT" time="15.883"/>
  <testcase classname="testCases.TC_003_LoginDDT" name="test_loginDDT" time="16.592"/>
  <testcase classname="testCases.TC_003_LoginDDT" name="test_loginDDT" time="15.865"/>
  <testcase classname="testCases.TC_003_LoginDDT" name="test_loginDDT" time="1.279"/>
  <testcase classname="testCases.TC_003_LoginDDT" name="test_loginDDT" time="15.966"/>
</testsuite> <!-- OpencartTest -->
